Les logs faits par notre jeu sont tous de niveau INFO.

22:41:37.830 [main                     ] DEBUG Logger               - Configured Logger
22:41:37.861 [main                     ] DEBUG GameApplication      - Logging settings
Title: Invaders
Version: 1.0
Width: 800
Height: 900
Fullscreen: false
Intro: false
Profiling: false
Single step:false
App Mode: RELEASE
Menu Key: ESCAPE
Stage Style: DECORATED
Scene Factory: class com.almasb.fxgl.app.scene.SceneFactory

22:41:38.290 [JavaFX Application Thread] DEBUG FXGLApplication      - Initializing FXGL
22:41:38.296 [JavaFX Application Thread] INFO  Engine               - FXGL-17.2 (20.08.2022 16.50) on WINDOWS (J:17.0.4.1 FX:18)
22:41:38.297 [JavaFX Application Thread] DEBUG Engine               - JRE Vendor Name: Oracle Corporation
22:41:38.297 [JavaFX Application Thread] DEBUG Engine               - Running on OS: Windows 11 version 10.0
22:41:38.297 [JavaFX Application Thread] DEBUG Engine               - Architecture: amd64
22:41:38.297 [JavaFX Application Thread] INFO  Engine               - Source code and latest versions at: https://github.com/AlmasB/FXGL
22:41:38.297 [JavaFX Application Thread] INFO  Engine               -       Ask questions and discuss at: https://github.com/AlmasB/FXGL/discussions
22:41:38.298 [JavaFX Application Thread] INFO  Engine               -              Join the FXGL chat at: https://gitter.im/AlmasB/FXGL
22:41:38.410 [JavaFX Application Thread] DEBUG PrimaryStageWindow   - Creating a JavaFX scene
22:41:38.447 [JavaFX Application Thread] DEBUG PrimaryStageWindow   - Target settings size: 800.0 x 900.0
22:41:38.448 [JavaFX Application Thread] DEBUG PrimaryStageWindow   - Scaled scene size:    800.0 x 900.0
22:41:38.448 [JavaFX Application Thread] DEBUG PrimaryStageWindow   - Scaled ratio: (1.0, 1.0)
22:41:38.449 [JavaFX Application Thread] DEBUG PrimaryStageWindow   - Set initial scene to FXGLStartupScene
22:41:38.455 [JavaFX Application Thread] DEBUG PrimaryStageWindow   - Opening main window
22:41:38.561 [JavaFX Application Thread] DEBUG PrimaryStageWindow   - Window border size: (16.0, 39.0)
22:41:38.562 [JavaFX Application Thread] DEBUG PrimaryStageWindow   - Scaled size: 800.0 x 900.0
22:41:38.562 [JavaFX Application Thread] DEBUG PrimaryStageWindow   - Scaled ratio: (1.0, 1.0)
22:41:38.562 [JavaFX Application Thread] DEBUG PrimaryStageWindow   - Scene size: 800.0 x 900.0
22:41:38.563 [JavaFX Application Thread] DEBUG PrimaryStageWindow   - Stage size: 816.0 x 939.0
22:41:38.574 [FXGL Background Thread 1 ] DEBUG Engine               - Initializing environment variables
22:41:38.637 [FXGL Background Thread 1 ] DEBUG FXGLAssetLoaderServi - User app class for loading assets: class org.enstabretagne.invaders.InvadersApp
22:41:38.638 [FXGL Background Thread 1 ] DEBUG GameApplicationServi - Applying CSS: fxgl_dark.css
22:41:38.640 [FXGL Background Thread 1 ] DEBUG FXGLAssetLoaderServi - Loading from file system: jar:file:/C:/Users/henri/ENSTA/2A/UE3/java/invaders/out/artifacts/invaders_jar/invaders.jar!/fxglassets/ui/css/fxgl_dark.css
22:41:38.685 [FXGL Background Thread 1 ] DEBUG GameApplicationServi - Initializing application scenes
22:41:38.727 [FXGL Background Thread 1 ] DEBUG GameWorld            - Game world initialized
22:41:38.795 [FXGL Background Thread 1 ] DEBUG PhysicsWorld         - Physics world initialized: appHeight=900, physics.ppm=50,0
22:41:38.795 [FXGL Background Thread 1 ] DEBUG PhysicsWorld         - Using strategy: BRUTE_FORCE
22:41:38.803 [FXGL Background Thread 1 ] DEBUG GameScene            - Game scene initialized: 800x900
22:41:38.818 [FXGL Background Thread 1 ] DEBUG FXGL.DefaultMenu     - createMenuBodyMainMenu()
22:41:38.835 [FXGL Background Thread 1 ] DEBUG FXGL.DefaultMenu     - createOptionsMenu()
22:41:38.853 [FXGL Background Thread 1 ] DEBUG FXGLAssetLoaderServi - Loading from file system: jar:file:/C:/Users/henri/ENSTA/2A/UE3/java/invaders/out/artifacts/invaders_jar/invaders.jar!/fxglassets/textures/particles/smoke.png
22:41:38.968 [FXGL Background Thread 1 ] DEBUG FXGLAssetLoaderServi - Loading from file system: jar:file:/C:/Users/henri/ENSTA/2A/UE3/java/invaders/out/artifacts/invaders_jar/invaders.jar!/fxglassets/textures/particles/trace_horizontal.png
22:41:39.013 [FXGL Background Thread 1 ] DEBUG FXGL.DefaultMenu     - createMenuBodyGameMenu()
22:41:39.015 [FXGL Background Thread 1 ] DEBUG FXGL.DefaultMenu     - createOptionsMenu()
22:41:39.038 [FXGL Background Thread 1 ] DEBUG GameApplicationServi - Application scenes initialized
22:41:39.055 [FXGL Background Thread 1 ] DEBUG SystemBundleService  - Loading default FXGL system data
22:41:39.058 [FXGL Background Thread 3 ] DEBUG FXGLApplication      - Loading fonts
22:41:39.059 [FXGL Background Thread 3 ] DEBUG FXGLAssetLoaderServi - Loading from file system: jar:file:/C:/Users/henri/ENSTA/2A/UE3/java/invaders/out/artifacts/invaders_jar/invaders.jar!/fxglassets/ui/fonts/VarelaRound-Regular.ttf
22:41:39.059 [FXGL Background Thread 1 ] DEBUG FXGLApplication      - Loading default localization
22:41:39.059 [FXGL Background Thread 1 ] DEBUG FXGLAssetLoaderServi - Loading from file system: jar:file:/C:/Users/henri/ENSTA/2A/UE3/java/invaders/out/artifacts/invaders_jar/invaders.jar!/fxglassets/languages/english.lang
22:41:39.078 [FXGL Background Thread 1 ] INFO  FXGLApplication      - FXGL initialization took: 0,504 sec
22:41:39.089 [JavaFX Application Thread] DEBUG Input                - Registered new binding: action0 - Q
22:41:39.090 [JavaFX Application Thread] DEBUG Input                - Registered new binding: action1 - D
22:41:39.090 [JavaFX Application Thread] DEBUG Input                - Registered new binding: action2 - Space
22:41:39.091 [JavaFX Application Thread] DEBUG Input                - Registered new binding: action3 - Left
22:41:39.091 [JavaFX Application Thread] DEBUG Input                - Registered new binding: action4 - Right
22:41:39.091 [JavaFX Application Thread] DEBUG Input                - Registered new binding: action5 - Enter
22:41:39.092 [JavaFX Application Thread] DEBUG FXGLAssetLoaderServi - Loading from file system: jar:file:/C:/Users/henri/ENSTA/2A/UE3/java/invaders/out/artifacts/invaders_jar/invaders.jar!/fxglassets/textures/fxgl_icon.png
22:41:39.106 [JavaFX Application Thread] DEBUG FXGLAssetLoaderServi - Loading from file system: jar:file:/C:/Users/henri/ENSTA/2A/UE3/java/invaders/out/artifacts/invaders_jar/invaders.jar!/fxglassets/textures/fxgl_default_cursor.png
22:41:39.109 [JavaFX Application Thread] DEBUG Input                - Registered new binding: Screenshot - CTRL+8
22:41:39.112 [JavaFX Application Thread] DEBUG LoopRunner           - Starting loop
22:41:39.112 [JavaFX Application Thread] DEBUG LoopRunner           - Initializing JavaFX AnimationTimerLoop
22:41:39.115 [JavaFX Application Thread] DEBUG Input                - Clearing active input actions
22:41:39.124 [JavaFX Application Thread] DEBUG GameApplicationServi - Removing overlay from FXGLStartupScene and adding to FXGLMainMenuDummyScene
22:41:39.125 [JavaFX Application Thread] DEBUG PrimaryStageWindow   - FXGLStartupScene -> FXGLMainMenuDummyScene
22:41:39.125 [JavaFX Application Thread] DEBUG PrimaryStageWindow   - Push state: FXGLDefaultMenu
22:41:39.131 [JavaFX Application Thread] DEBUG Input                - Clearing active input actions
22:41:39.140 [JavaFX Application Thread] DEBUG GameApplicationServi - Removing overlay from FXGLMainMenuDummyScene and adding to FXGLDefaultMenu
22:41:39.141 [JavaFX Application Thread] DEBUG PrimaryStageWindow   - FXGLMainMenuDummyScene -> FXGLDefaultMenu
22:41:39.142 [FXGL Background Thread 3 ] DEBUG FXGLAssetLoaderServi - Loading from file system: jar:file:/C:/Users/henri/ENSTA/2A/UE3/java/invaders/out/artifacts/invaders_jar/invaders.jar!/fxglassets/ui/fonts/Abel-Regular.ttf
22:41:39.148 [FXGL Background Thread 3 ] DEBUG FXGLAssetLoaderServi - Loading from file system: jar:file:/C:/Users/henri/ENSTA/2A/UE3/java/invaders/out/artifacts/invaders_jar/invaders.jar!/fxglassets/ui/fonts/TerminalLandMono-Regular.otf
22:41:39.153 [FXGL Background Thread 3 ] DEBUG FXGLAssetLoaderServi - Loading from file system: jar:file:/C:/Users/henri/ENSTA/2A/UE3/java/invaders/out/artifacts/invaders_jar/invaders.jar!/fxglassets/ui/fonts/Courier-Prime.ttf
22:41:39.214 [JavaFX Application Thread] DEBUG FXGLApplication      - Registering font factories with UI factory
22:41:39.958 [JavaFX Application Thread] DEBUG Menu                 - fireNewGame()
22:41:39.958 [JavaFX Application Thread] DEBUG GameApplicationServi - Starting new game
22:41:39.963 [JavaFX Application Thread] DEBUG PrimaryStageWindow   - Pop state: FXGLDefaultMenu
22:41:39.963 [JavaFX Application Thread] DEBUG Input                - Clearing active input actions
22:41:39.964 [JavaFX Application Thread] DEBUG GameApplicationServi - Removing overlay from FXGLDefaultMenu and adding to FXGLMainMenuDummyScene
22:41:39.964 [JavaFX Application Thread] DEBUG PrimaryStageWindow   - FXGLMainMenuDummyScene <- FXGLDefaultMenu
22:41:39.964 [JavaFX Application Thread] DEBUG Input                - Clearing active input actions
22:41:39.971 [JavaFX Application Thread] DEBUG GameApplicationServi - Removing overlay from FXGLMainMenuDummyScene and adding to FXGLLoadingScene
22:41:39.971 [JavaFX Application Thread] DEBUG PrimaryStageWindow   - FXGLMainMenuDummyScene -> FXGLLoadingScene
22:41:39.971 [JavaFX Application Thread] DEBUG GameApplicationServi - Clearing previous game
22:41:39.972 [JavaFX Application Thread] DEBUG GameScene            - Clearing game scene
22:41:39.972 [JavaFX Application Thread] DEBUG GameWorld            - Clearing game world
22:41:39.972 [JavaFX Application Thread] DEBUG PhysicsWorld         - Clearing physics world
22:41:39.975 [FXGL Background Thread 3 ] DEBUG FXGLApplication      - Initializing game
22:41:39.994 [FXGL Background Thread 3 ] DEBUG FXGLAssetLoaderServi - Loading from file system: jar:file:/C:/Users/henri/ENSTA/2A/UE3/java/invaders/out/artifacts/invaders_jar/invaders.jar!/assets/textures/cannon_up.png
22:41:40.023 [FXGL Background Thread 3 ] DEBUG FXGLAssetLoaderServi - Loading from file system: jar:file:/C:/Users/henri/ENSTA/2A/UE3/java/invaders/out/artifacts/invaders_jar/invaders.jar!/assets/textures/cannon_down.png
22:41:40.028 [FXGL Background Thread 3 ] DEBUG FXGLAssetLoaderServi - Loading from file system: jar:file:/C:/Users/henri/ENSTA/2A/UE3/java/invaders/out/artifacts/invaders_jar/invaders.jar!/assets/textures/invader.png
22:41:40.100 [FXGL Background Thread 3 ] INFO  FXGLApplication      - Game initialization took: 0,124 sec
22:41:40.100 [JavaFX Application Thread] DEBUG Input                - Clearing active input actions
22:41:40.107 [JavaFX Application Thread] DEBUG GameApplicationServi - Removing overlay from FXGLLoadingScene and adding to GameScene
22:41:40.107 [JavaFX Application Thread] DEBUG PrimaryStageWindow   - FXGLLoadingScene -> GameScene
22:41:40.501 [JavaFX Application Thread] DEBUG FXGLAssetLoaderServi - Loading from file system: jar:file:/C:/Users/henri/ENSTA/2A/UE3/java/invaders/out/artifacts/invaders_jar/invaders.jar!/assets/textures/tir.png
22:41:40.504 [JavaFX Application Thread] DEBUG FXGLAssetLoaderServi - Loading from file system: jar:file:/C:/Users/henri/ENSTA/2A/UE3/java/invaders/out/artifacts/invaders_jar/invaders.jar!/assets/sounds/blast_sound.wav
22:41:40.646 [JavaFX Application Thread] DEBUG FXGLAssetLoaderServi - Loading from file system: jar:file:/C:/Users/henri/ENSTA/2A/UE3/java/invaders/out/artifacts/invaders_jar/invaders.jar!/assets/textures/zap.png
22:41:41.413 [JavaFX Application Thread] DEBUG FXGLAssetLoaderServi - Loading from file system: jar:file:/C:/Users/henri/ENSTA/2A/UE3/java/invaders/out/artifacts/invaders_jar/invaders.jar!/assets/sounds/game_over_sound.wav
22:41:41.419 [JavaFX Application Thread] DEBUG PrimaryStageWindow   - Push state: DialogSubScene
22:41:41.420 [JavaFX Application Thread] DEBUG Input                - Clearing active input actions
22:41:41.420 [JavaFX Application Thread] DEBUG GameApplicationServi - Removing overlay from GameScene and adding to DialogSubScene
22:41:41.421 [JavaFX Application Thread] DEBUG PrimaryStageWindow   - GameScene -> DialogSubScene
22:41:41.421 [JavaFX Application Thread] INFO  GameApplication      - Game ended - defeat - 1.31s - 77 alien(s) left.
22:41:42.059 [FXGL Background Thread 2 ] DEBUG Engine               - Logging environment variables
22:41:42.059 [FXGL Background Thread 2 ] DEBUG Engine               - achievements: []
22:41:42.060 [FXGL Background Thread 2 ] DEBUG Engine               - actualHeight: 900.0
22:41:42.060 [FXGL Background Thread 2 ] DEBUG Engine               - actualHeightProperty: ReadOnlyDoubleProperty [value: 900.0]
22:41:42.060 [FXGL Background Thread 2 ] DEBUG Engine               - actualWidth: 800.0
22:41:42.060 [FXGL Background Thread 2 ] DEBUG Engine               - actualWidthProperty: ReadOnlyDoubleProperty [value: 800.0]
22:41:42.060 [FXGL Background Thread 2 ] DEBUG Engine               - appIcon: fxgl_icon.png
22:41:42.060 [FXGL Background Thread 2 ] DEBUG Engine               - applicationMode: RELEASE
22:41:42.060 [FXGL Background Thread 2 ] DEBUG Engine               - cSSList: [fxgl_dark.css]
22:41:42.060 [FXGL Background Thread 2 ] DEBUG Engine               - collisionDetectionStrategy: BRUTE_FORCE
22:41:42.060 [FXGL Background Thread 2 ] DEBUG Engine               - configClass: Optional.empty
22:41:42.060 [FXGL Background Thread 2 ] DEBUG Engine               - credits: []
22:41:42.061 [FXGL Background Thread 2 ] DEBUG Engine               - defaultCursor: CursorInfo(imageName=fxgl_default_cursor.png, hotspotX=7.0, hotspotY=6.0)
22:41:42.061 [FXGL Background Thread 2 ] DEBUG Engine               - devBBoxColorProperty: ObjectProperty [value: 0xff0000ff]
22:41:42.062 [FXGL Background Thread 2 ] DEBUG Engine               - devEnableDebugCameraProperty: BooleanProperty [value: false]
22:41:42.062 [FXGL Background Thread 2 ] DEBUG Engine               - devSensorColorProperty: ObjectProperty [value: 0xffff00ff]
22:41:42.062 [FXGL Background Thread 2 ] DEBUG Engine               - devShowBBoxProperty: BooleanProperty [value: false]
22:41:42.062 [FXGL Background Thread 2 ] DEBUG Engine               - devShowPositionProperty: BooleanProperty [value: false]
22:41:42.062 [FXGL Background Thread 2 ] DEBUG Engine               - enabledMenuItems: []
22:41:42.062 [FXGL Background Thread 2 ] DEBUG Engine               - engineServices: [class com.almasb.fxgl.app.services.FXGLAssetLoaderService, class com.almasb.fxgl.app.FXGLApplication$GameApplicationService, class com.almasb.fxgl.app.services.FXGLDialogService, class com.almasb.fxgl.app.services.IOTaskExecutorService, class com.almasb.fxgl.io.FileSystemService, class com.almasb.fxgl.localization.LocalizationService, class com.almasb.fxgl.app.services.SystemBundleService, class com.almasb.fxgl.profile.SaveLoadService, class com.almasb.fxgl.ui.FXGLUIFactoryServiceProvider, class com.almasb.fxgl.ui.FXGLDialogFactoryServiceProvider, class com.almasb.fxgl.audio.AudioPlayer, class com.almasb.fxgl.notification.impl.NotificationServiceProvider, class com.almasb.fxgl.achievement.AchievementService, class com.almasb.fxgl.cutscene.CutsceneService, class com.almasb.fxgl.minigames.MiniGameService, class com.almasb.fxgl.net.NetService, class com.almasb.fxgl.app.services.UpdaterService, class com.almasb.fxgl.dev.DevService]
22:41:42.062 [FXGL Background Thread 2 ] DEBUG Engine               - fontGame: Abel-Regular.ttf
22:41:42.062 [FXGL Background Thread 2 ] DEBUG Engine               - fontMono: TerminalLandMono-Regular.otf
22:41:42.062 [FXGL Background Thread 2 ] DEBUG Engine               - fontText: Courier-Prime.ttf
22:41:42.062 [FXGL Background Thread 2 ] DEBUG Engine               - fontUI: VarelaRound-Regular.ttf
22:41:42.062 [FXGL Background Thread 2 ] DEBUG Engine               - fullScreen: BooleanProperty [value: false]
22:41:42.063 [FXGL Background Thread 2 ] DEBUG Engine               - gameDifficulty: MEDIUM
22:41:42.063 [FXGL Background Thread 2 ] DEBUG Engine               - gameDifficultyProperty: ObjectProperty [value: MEDIUM]
22:41:42.063 [FXGL Background Thread 2 ] DEBUG Engine               - globalMusicVolume: 0.5
22:41:42.063 [FXGL Background Thread 2 ] DEBUG Engine               - globalMusicVolumeProperty: DoubleProperty [value: 0.5]
22:41:42.063 [FXGL Background Thread 2 ] DEBUG Engine               - globalSoundVolume: 0.5
22:41:42.063 [FXGL Background Thread 2 ] DEBUG Engine               - globalSoundVolumeProperty: DoubleProperty [value: 0.5]
22:41:42.063 [FXGL Background Thread 2 ] DEBUG Engine               - height: 900
22:41:42.063 [FXGL Background Thread 2 ] DEBUG Engine               - is3D: false
22:41:42.063 [FXGL Background Thread 2 ] DEBUG Engine               - isAndroid: false
22:41:42.063 [FXGL Background Thread 2 ] DEBUG Engine               - isBrowser: false
22:41:42.063 [FXGL Background Thread 2 ] DEBUG Engine               - isClickFeedbackEnabled: false
22:41:42.063 [FXGL Background Thread 2 ] DEBUG Engine               - isCloseConfirmation: false
22:41:42.063 [FXGL Background Thread 2 ] DEBUG Engine               - isDesktop: true
22:41:42.063 [FXGL Background Thread 2 ] DEBUG Engine               - isDeveloperMenuEnabled: true
22:41:42.063 [FXGL Background Thread 2 ] DEBUG Engine               - isEmbedded: false
22:41:42.064 [FXGL Background Thread 2 ] DEBUG Engine               - isEntityPreloadEnabled: true
22:41:42.064 [FXGL Background Thread 2 ] DEBUG Engine               - isExperimentalTiledLargeMap: false
22:41:42.064 [FXGL Background Thread 2 ] DEBUG Engine               - isFileSystemWriteAllowed: true
22:41:42.064 [FXGL Background Thread 2 ] DEBUG Engine               - isFullScreenAllowed: false
22:41:42.064 [FXGL Background Thread 2 ] DEBUG Engine               - isFullScreenFromStart: false
22:41:42.064 [FXGL Background Thread 2 ] DEBUG Engine               - isGameMenuEnabled: true
22:41:42.064 [FXGL Background Thread 2 ] DEBUG Engine               - isIOS: false
22:41:42.064 [FXGL Background Thread 2 ] DEBUG Engine               - isIntroEnabled: false
22:41:42.064 [FXGL Background Thread 2 ] DEBUG Engine               - isLinux: false
22:41:42.064 [FXGL Background Thread 2 ] DEBUG Engine               - isMac: false
22:41:42.064 [FXGL Background Thread 2 ] DEBUG Engine               - isMainMenuEnabled: true
22:41:42.064 [FXGL Background Thread 2 ] DEBUG Engine               - isManualResizeEnabled: false
22:41:42.064 [FXGL Background Thread 2 ] DEBUG Engine               - isMobile: false
22:41:42.064 [FXGL Background Thread 2 ] DEBUG Engine               - isNative: false
22:41:42.064 [FXGL Background Thread 2 ] DEBUG Engine               - isPauseMusicWhenMinimized: true
22:41:42.064 [FXGL Background Thread 2 ] DEBUG Engine               - isPreserveResizeRatio: false
22:41:42.064 [FXGL Background Thread 2 ] DEBUG Engine               - isProfilingEnabled: false
22:41:42.064 [FXGL Background Thread 2 ] DEBUG Engine               - isScaleAffectedOnResize: true
22:41:42.064 [FXGL Background Thread 2 ] DEBUG Engine               - isSingleStep: false
22:41:42.064 [FXGL Background Thread 2 ] DEBUG Engine               - isUserProfileEnabled: false
22:41:42.064 [FXGL Background Thread 2 ] DEBUG Engine               - isWindows: true
22:41:42.064 [FXGL Background Thread 2 ] DEBUG Engine               - language: ObjectProperty [value: ENGLISH]
22:41:42.065 [FXGL Background Thread 2 ] DEBUG Engine               - menuKey: ESCAPE
22:41:42.065 [FXGL Background Thread 2 ] DEBUG Engine               - mouseSensitivity: 0.2
22:41:42.065 [FXGL Background Thread 2 ] DEBUG Engine               - notificationViewClass: class com.almasb.fxgl.notification.view.XboxNotificationView
22:41:42.065 [FXGL Background Thread 2 ] DEBUG Engine               - pixelsPerMeter: 50.0
22:41:42.065 [FXGL Background Thread 2 ] DEBUG Engine               - platform: WINDOWS
22:41:42.065 [FXGL Background Thread 2 ] DEBUG Engine               - prefHeightProperty: ReadOnlyDoubleProperty [value: 900.0]
22:41:42.065 [FXGL Background Thread 2 ] DEBUG Engine               - prefWidthProperty: ReadOnlyDoubleProperty [value: 800.0]
22:41:42.065 [FXGL Background Thread 2 ] DEBUG Engine               - profileDir: profiles/
22:41:42.065 [FXGL Background Thread 2 ] DEBUG Engine               - profileName: StringProperty [value: DEFAULT]
22:41:42.065 [FXGL Background Thread 2 ] DEBUG Engine               - randomSeed: -1
22:41:42.065 [FXGL Background Thread 2 ] DEBUG Engine               - runtimeInfo: RuntimeInfo(platform=WINDOWS, version=17.2, build=20.08.2022 16.50)
22:41:42.066 [FXGL Background Thread 2 ] DEBUG Engine               - saveFileExt: sav
22:41:42.066 [FXGL Background Thread 2 ] DEBUG Engine               - scaledHeightProp$fxgl: DoubleProperty [bound, value: 900.0]
22:41:42.066 [FXGL Background Thread 2 ] DEBUG Engine               - scaledWidthProp$fxgl: DoubleProperty [bound, value: 800.0]
22:41:42.066 [FXGL Background Thread 2 ] DEBUG Engine               - sceneFactory: com.almasb.fxgl.app.scene.SceneFactory@1a2ecfb8
22:41:42.066 [FXGL Background Thread 2 ] DEBUG Engine               - secondsIn24h: 60
22:41:42.066 [FXGL Background Thread 2 ] DEBUG Engine               - soundMenuBack: menu/back.wav
22:41:42.066 [FXGL Background Thread 2 ] DEBUG Engine               - soundMenuPress: menu/press.wav
22:41:42.066 [FXGL Background Thread 2 ] DEBUG Engine               - soundMenuSelect: menu/select.wav
22:41:42.066 [FXGL Background Thread 2 ] DEBUG Engine               - soundNotification: core/notification.wav
22:41:42.066 [FXGL Background Thread 2 ] DEBUG Engine               - stageStyle: DECORATED
22:41:42.066 [FXGL Background Thread 2 ] DEBUG Engine               - supportedLanguages: [ENGLISH, FRENCH, GERMAN, HUNGARIAN, RUSSIAN]
22:41:42.066 [FXGL Background Thread 2 ] DEBUG Engine               - ticksPerSecond: -1
22:41:42.066 [FXGL Background Thread 2 ] DEBUG Engine               - title: Invaders
22:41:42.066 [FXGL Background Thread 2 ] DEBUG Engine               - urlGithub: https://github.com/AlmasB/FXGL
22:41:42.066 [FXGL Background Thread 2 ] DEBUG Engine               - urlLeaderboard: http://fxgl-top.herokuapp.com/
22:41:42.066 [FXGL Background Thread 2 ] DEBUG Engine               - urlPOM: https://raw.githubusercontent.com/AlmasB/FXGL/release/README.md
22:41:42.066 [FXGL Background Thread 2 ] DEBUG Engine               - userAppClass: class org.enstabretagne.invaders.InvadersApp
22:41:42.067 [FXGL Background Thread 2 ] DEBUG Engine               - version: 1.0
22:41:42.067 [FXGL Background Thread 2 ] DEBUG Engine               - versionCheckDays: 7
22:41:42.067 [FXGL Background Thread 2 ] DEBUG Engine               - width: 800
22:41:42.067 [FXGL Background Thread 2 ] DEBUG Engine               - Logging services
22:41:42.067 [FXGL Background Thread 2 ] DEBUG Engine               - class com.almasb.fxgl.app.services.FXGLAssetLoaderService
22:41:42.067 [FXGL Background Thread 2 ] DEBUG Engine               - class com.almasb.fxgl.app.FXGLApplication$GameApplicationService
22:41:42.067 [FXGL Background Thread 2 ] DEBUG Engine               - class com.almasb.fxgl.app.services.FXGLDialogService
22:41:42.067 [FXGL Background Thread 2 ] DEBUG Engine               - class com.almasb.fxgl.app.services.IOTaskExecutorService
22:41:42.067 [FXGL Background Thread 2 ] DEBUG Engine               - class com.almasb.fxgl.io.FileSystemService
22:41:42.067 [FXGL Background Thread 2 ] DEBUG Engine               - class com.almasb.fxgl.localization.LocalizationService
22:41:42.067 [FXGL Background Thread 2 ] DEBUG Engine               - class com.almasb.fxgl.app.services.SystemBundleService
22:41:42.067 [FXGL Background Thread 2 ] DEBUG Engine               - class com.almasb.fxgl.profile.SaveLoadService
22:41:42.067 [FXGL Background Thread 2 ] DEBUG Engine               - class com.almasb.fxgl.ui.FXGLUIFactoryServiceProvider
22:41:42.067 [FXGL Background Thread 2 ] DEBUG Engine               - class com.almasb.fxgl.ui.FXGLDialogFactoryServiceProvider
22:41:42.067 [FXGL Background Thread 2 ] DEBUG Engine               - class com.almasb.fxgl.audio.AudioPlayer
22:41:42.067 [FXGL Background Thread 2 ] DEBUG Engine               - class com.almasb.fxgl.notification.impl.NotificationServiceProvider
22:41:42.067 [FXGL Background Thread 2 ] DEBUG Engine               - class com.almasb.fxgl.achievement.AchievementService
22:41:42.067 [FXGL Background Thread 2 ] DEBUG Engine               - class com.almasb.fxgl.cutscene.CutsceneService
22:41:42.067 [FXGL Background Thread 2 ] DEBUG Engine               - class com.almasb.fxgl.minigames.MiniGameService
22:41:42.067 [FXGL Background Thread 2 ] DEBUG Engine               - class com.almasb.fxgl.net.NetService
22:41:42.067 [FXGL Background Thread 2 ] DEBUG Engine               - class com.almasb.fxgl.app.services.UpdaterService
22:41:42.067 [FXGL Background Thread 2 ] DEBUG Engine               - class com.almasb.fxgl.dev.DevService
22:41:43.580 [JavaFX Application Thread] DEBUG PrimaryStageWindow   - Pop state: DialogSubScene
22:41:43.580 [JavaFX Application Thread] DEBUG Input                - Clearing active input actions
22:41:43.580 [JavaFX Application Thread] DEBUG GameApplicationServi - Removing overlay from DialogSubScene and adding to GameScene
22:41:43.581 [JavaFX Application Thread] DEBUG PrimaryStageWindow   - GameScene <- DialogSubScene
22:41:43.582 [JavaFX Application Thread] DEBUG PrimaryStageWindow   - Push state: DialogSubScene
22:41:43.582 [JavaFX Application Thread] DEBUG Input                - Clearing active input actions
22:41:43.583 [JavaFX Application Thread] DEBUG GameApplicationServi - Removing overlay from GameScene and adding to DialogSubScene
22:41:43.583 [JavaFX Application Thread] DEBUG PrimaryStageWindow   - GameScene -> DialogSubScene
22:41:44.090 [JavaFX Application Thread] DEBUG PrimaryStageWindow   - Pop state: DialogSubScene
22:41:44.090 [JavaFX Application Thread] DEBUG Input                - Clearing active input actions
22:41:44.091 [JavaFX Application Thread] DEBUG GameApplicationServi - Removing overlay from DialogSubScene and adding to GameScene
22:41:44.091 [JavaFX Application Thread] DEBUG PrimaryStageWindow   - GameScene <- DialogSubScene
22:41:44.091 [JavaFX Application Thread] DEBUG Input                - Clearing active input actions
22:41:44.096 [JavaFX Application Thread] DEBUG GameApplicationServi - Removing overlay from GameScene and adding to FXGLMainMenuDummyScene
22:41:44.097 [JavaFX Application Thread] DEBUG PrimaryStageWindow   - GameScene -> FXGLMainMenuDummyScene
22:41:44.097 [JavaFX Application Thread] DEBUG PrimaryStageWindow   - Push state: FXGLDefaultMenu
22:41:44.097 [JavaFX Application Thread] DEBUG Input                - Clearing active input actions
22:41:44.098 [JavaFX Application Thread] DEBUG GameApplicationServi - Removing overlay from FXGLMainMenuDummyScene and adding to FXGLDefaultMenu
22:41:44.099 [JavaFX Application Thread] DEBUG PrimaryStageWindow   - FXGLMainMenuDummyScene -> FXGLDefaultMenu
22:41:45.007 [JavaFX Application Thread] DEBUG Menu                 - fireExit()
22:41:45.009 [JavaFX Application Thread] DEBUG PrimaryStageWindow   - Push state: DialogSubScene
22:41:45.009 [JavaFX Application Thread] DEBUG Input                - Clearing active input actions
22:41:45.010 [JavaFX Application Thread] DEBUG GameApplicationServi - Removing overlay from FXGLDefaultMenu and adding to DialogSubScene
22:41:45.010 [JavaFX Application Thread] DEBUG PrimaryStageWindow   - FXGLDefaultMenu -> DialogSubScene
22:41:45.723 [JavaFX Application Thread] DEBUG PrimaryStageWindow   - Pop state: DialogSubScene
22:41:45.723 [JavaFX Application Thread] DEBUG Input                - Clearing active input actions
22:41:45.723 [JavaFX Application Thread] DEBUG GameApplicationServi - Removing overlay from DialogSubScene and adding to FXGLDefaultMenu
22:41:45.723 [JavaFX Application Thread] DEBUG PrimaryStageWindow   - FXGLDefaultMenu <- DialogSubScene
22:41:45.723 [JavaFX Application Thread] DEBUG FXGLApplication      - Exiting FXGL
22:41:45.723 [JavaFX Application Thread] DEBUG LoopRunner           - Stopping loop
22:41:45.723 [JavaFX Application Thread] DEBUG SystemBundleService  - Saving FXGL system data
22:41:45.726 [JavaFX Application Thread] DEBUG FileSystemAccess     - Writing to: C:\Users\henri\ENSTA\2A\UE3\java\invaders\out\artifacts\invaders_jar\system\fxgl.bundle
22:41:45.740 [JavaFX Application Thread] DEBUG Async                - Shutting down background threads
22:41:45.740 [JavaFX Application Thread] DEBUG PrimaryStageWindow   - Closing main window
22:41:45.765 [JavaFX Application Thread] DEBUG Logger               - Closing Logger
